[08-Mar-2026 09:48:18 UTC] PHP Parse error:  syntax error, unexpected token "<", expecting end of file in C:\Users\kimda\Local Sites\danil\app\public\wp-content\themes\church-kadence-child\functions.php on line 279
[08-Mar-2026 09:48:18 UTC] PHP Warning:  Trying to access array offset on value of type bool in C:\Users\kimda\Local Sites\danil\app\public\wp-includes\class-wp-recovery-mode-email-service.php on line 367
[08-Mar-2026 09:48:18 UTC] PHP Warning:  Trying to access array offset on value of type bool in C:\Users\kimda\Local Sites\danil\app\public\wp-includes\class-wp-recovery-mode-email-service.php on line 368
[08-Mar-2026 09:49:50 UTC] PHP Parse error:  syntax error, unexpected token "<", expecting end of file in C:\Users\kimda\Local Sites\danil\app\public\wp-content\themes\church-kadence-child\functions.php on line 280
[08-Mar-2026 09:49:51 UTC] PHP Parse error:  syntax error, unexpected token "<", expecting end of file in C:\Users\kimda\Local Sites\danil\app\public\wp-content\themes\church-kadence-child\functions.php on line 280
[08-Mar-2026 09:49:51 UTC] PHP Parse error:  syntax error, unexpected token "<", expecting end of file in C:\Users\kimda\Local Sites\danil\app\public\wp-content\themes\church-kadence-child\functions.php on line 280
[08-Mar-2026 16:46:12 UTC] PHP Fatal error:  Cannot redeclare church_create_yookassa_payment() (previously declared in C:\Users\kimda\Local Sites\danil\app\public\wp-content\themes\church-kadence-child\functions.php:1000) in C:\Users\kimda\Local Sites\danil\app\public\wp-content\themes\church-kadence-child\functions.php on line 1296
[08-Mar-2026 16:48:20 UTC] PHP Fatal error:  Cannot redeclare church_register_orders_cpt() (previously declared in C:\Users\kimda\Local Sites\danil\app\public\wp-content\themes\church-kadence-child\functions.php:970) in C:\Users\kimda\Local Sites\danil\app\public\wp-content\themes\church-kadence-child\functions.php on line 1453
[08-Mar-2026 16:48:20 UTC] PHP Fatal error:  Cannot redeclare church_register_orders_cpt() (previously declared in C:\Users\kimda\Local Sites\danil\app\public\wp-content\themes\church-kadence-child\functions.php:970) in C:\Users\kimda\Local Sites\danil\app\public\wp-content\themes\church-kadence-child\functions.php on line 1453
[08-Mar-2026 17:07:00 UTC] PHP Fatal error:  Cannot redeclare church_service_meta_boxes() (previously declared in C:\Users\kimda\Local Sites\danil\app\public\wp-content\themes\church-kadence-child\functions.php:119) in C:\Users\kimda\Local Sites\danil\app\public\wp-content\themes\church-kadence-child\functions.php on line 292
[08-Mar-2026 17:07:45 UTC] PHP Fatal error:  Cannot redeclare church_service_meta_boxes() (previously declared in C:\Users\kimda\Local Sites\danil\app\public\wp-content\themes\church-kadence-child\functions.php:119) in C:\Users\kimda\Local Sites\danil\app\public\wp-content\themes\church-kadence-child\functions.php on line 292
[08-Mar-2026 17:07:47 UTC] PHP Fatal error:  Cannot redeclare church_service_meta_boxes() (previously declared in C:\Users\kimda\Local Sites\danil\app\public\wp-content\themes\church-kadence-child\functions.php:119) in C:\Users\kimda\Local Sites\danil\app\public\wp-content\themes\church-kadence-child\functions.php on line 292
[08-Mar-2026 17:09:01 UTC] PHP Fatal error:  Cannot redeclare church_service_meta_boxes() (previously declared in C:\Users\kimda\Local Sites\danil\app\public\wp-content\themes\church-kadence-child\functions.php:119) in C:\Users\kimda\Local Sites\danil\app\public\wp-content\themes\church-kadence-child\functions.php on line 292
[08-Mar-2026 17:24:25 UTC] Telegram Debug:
[08-Mar-2026 17:24:25 UTC] Enabled: 1
[08-Mar-2026 17:24:25 UTC] Bot Token: SET
[08-Mar-2026 17:24:25 UTC] Chat ID: -5080729166
[08-Mar-2026 17:24:28 UTC] Telegram Debug:
[08-Mar-2026 17:24:28 UTC] Enabled: 1
[08-Mar-2026 17:24:28 UTC] Bot Token: SET
[08-Mar-2026 17:24:28 UTC] Chat ID: -5080729166
[08-Mar-2026 17:25:29 UTC] Telegram Debug:
[08-Mar-2026 17:25:29 UTC] Enabled: 1
[08-Mar-2026 17:25:29 UTC] Bot Token: SET
[08-Mar-2026 17:25:29 UTC] Chat ID: -5080729166
